<?xml version="1.0" encoding="UTF-8"?>
<!-- Generated by org.testng.reporters.JUnitReportReporter -->
<testsuite hostname="DESKTOP-T59EOFV" failures="0" tests="1" name="tests.Tests" time="16.424" errors="0" timestamp="2024-01-24T11:34:56 CET" skipped="0">
  <testcase classname="tests.Tests" name="searchGoogle" time="16.424"/>
</testsuite> <!-- tests.Tests -->
